{"numTotalTestSuites":4,"numPassedTestSuites":4,"numFailedTestSuites":0,"numPendingTestSuites":0,"numTotalTests":6,"numPassedTests":6,"numFailedTests":0,"numPendingTests":0,"numTodoTests":0,"snapshot":{"added":0,"failure":false,"filesAdded":0,"filesRemoved":0,"filesRemovedList":[],"filesUnmatched":0,"filesUpdated":0,"matched":0,"total":0,"unchecked":0,"uncheckedKeysByFile":[],"unmatched":0,"updated":0,"didUpdate":false},"startTime":1776453064861,"success":true,"testResults":[{"assertionResults":[{"ancestorTitles":["Button component"],"fullName":"Button component renderiza o texto corretamente","status":"passed","title":"renderiza o texto corretamente","duration":31.092300000000023,"failureMessages":[],"meta":{},"tags":[]},{"ancestorTitles":["Button component"],"fullName":"Button component chama onClick ao ser clicado","status":"passed","title":"chama onClick ao ser clicado","duration":6.044799999999896,"failureMessages":[],"meta":{},"tags":[]}],"startTime":1776453066577,"endTime":1776453066614.045,"status":"passed","message":"","name":"C:/Users/santo/Documents/minhas-financas-testes/tests/vitest/Button.test.tsx"},{"assertionResults":[{"ancestorTitles":["formatters"],"fullName":"formatters formatDate retorna vazio para data nula","status":"passed","title":"formatDate retorna vazio para data nula","duration":2.0645999999999276,"failureMessages":[],"meta":{},"tags":[]},{"ancestorTitles":["formatters"],"fullName":"formatters formatDate formata data para pt-BR","status":"passed","title":"formatDate formata data para pt-BR","duration":3.6721000000000004,"failureMessages":[],"meta":{},"tags":[]},{"ancestorTitles":["formatters"],"fullName":"formatters formatDateForInput retorna vazio para data nula","status":"passed","title":"formatDateForInput retorna vazio para data nula","duration":0.2723999999998341,"failureMessages":[],"meta":{},"tags":[]},{"ancestorTitles":["formatters"],"fullName":"formatters formatDateForInput formata para yyyy-mm-dd","status":"passed","title":"formatDateForInput formata para yyyy-mm-dd","duration":0.2619999999999436,"failureMessages":[],"meta":{},"tags":[]}],"startTime":1776453066498,"endTime":1776453066504.2725,"status":"passed","message":"","name":"C:/Users/santo/Documents/minhas-financas-testes/tests/vitest/formatters.test.ts"}]}